<?xml version="1.0" encoding="UTF-8"?>
<testsuite name="TestSuite" time="42.015" tests="11" errors="0" skipped="0" failures="0">
  <properties>
    <property name="java.runtime.name" value="Java(TM) SE Runtime Environment"/>
    <property name="java.vm.version" value="16+36-2231"/>
    <property name="sun.boot.library.path" value="C:\Program Files\Java\jdk-16\bin"/>
    <property name="maven.multiModuleProjectDirectory" value="C:\Users\arieh\Documents\AutomatedTest\BP_Arie_Selenium_OrangeHRM"/>
    <property name="java.vm.vendor" value="Oracle Corporation"/>
    <property name="java.vendor.url" value="https://java.oracle.com/"/>
    <property name="guice.disable.misplaced.annotation.check" value="true"/>
    <property name="path.separator" value=";"/>
    <property name="java.vm.name" value="Java HotSpot(TM) 64-Bit Server VM"/>
    <property name="sun.os.patch.level" value=""/>
    <property name="user.script" value=""/>
    <property name="user.country" value="US"/>
    <property name="sun.java.launcher" value="SUN_STANDARD"/>
    <property name="java.vm.specification.name" value="Java Virtual Machine Specification"/>
    <property name="user.dir" value="C:\Users\arieh\Documents\AutomatedTest\BP_Arie_Selenium_OrangeHRM"/>
    <property name="java.vm.compressedOopsMode" value="32-bit"/>
    <property name="java.runtime.version" value="16+36-2231"/>
    <property name="os.arch" value="amd64"/>
    <property name="java.io.tmpdir" value="C:\Users\arieh\AppData\Local\Temp\"/>
    <property name="line.separator" value="&#10;"/>
    <property name="java.vm.specification.vendor" value="Oracle Corporation"/>
    <property name="user.variant" value=""/>
    <property name="os.name" value="Windows 10"/>
    <property name="classworlds.conf" value="C:\Users\arieh\Downloads\apache-maven-3.8.1\bin\..\bin\m2.conf"/>
    <property name="sun.jnu.encoding" value="Cp1252"/>
    <property name="java.library.path" value="C:\Program Files\Java\jdk-16\bin;C:\Windows\Sun\Java\bin;C:\Windows\system32;C:\Windows;C:\Program Files (x86)\Common Files\Oracle\Java\javapath;C:\Program Files\Common Files\Oracle\Java\javapath;C:\Windows\system32;C:\Windows;C:\Windows\System32\Wbem;C:\Windows\System32\WindowsPowerShell\v1.0\;C:\Windows\System32\OpenSSH\;C:\Program Files\Git\cmd;C:\Program Files\nodejs\;C:\Users\arieh\.katalon\tools\android_sdk\platform-tools;C:\Users\arieh\.katalon\tools\android_sdk\bin;ANDROID_SDK_ROOT=C:\Users\arieh\AppData\Local\Android\sdk;C:\Users\arieh\Downloads\apache-maven-3.8.1\bin\bin;C:\Program Files\Java\jdk-16\bin;C:\Python27;C:\Python27\Scripts;C:\Users\arieh\Documents\AutomatedTest\BDDSelenium - Copy;C:\Program Files\NVIDIA Corporation\NVIDIA NvDLISR;C:\Program Files (x86)\NVIDIA Corporation\PhysX\Common;C:\Program Files\TortoiseGit\bin;C:\Program Files (x86)\Yarn\bin\;C:\Users\arieh\AppData\Local\Microsoft\WindowsApps;C:\Users\arieh\AppData\Local\Programs\Microsoft VS Code\bin;C:\Users\arieh\AppData\Roaming\npm;C:\Users\arieh\AppData\Local\GitHubDesktop\bin;C:\Users\arieh\Downloads\apache-maven-3.8.1\bin;C:\Python27;C:\Python27\Scripts;C:\Program Files (x86)\Yarn\;;."/>
    <property name="maven.conf" value="C:\Users\arieh\Downloads\apache-maven-3.8.1\bin\../conf"/>
    <property name="jdk.debug" value="release"/>
    <property name="java.class.version" value="60.0"/>
    <property name="java.specification.name" value="Java Platform API Specification"/>
    <property name="sun.management.compiler" value="HotSpot 64-Bit Tiered Compilers"/>
    <property name="os.version" value="10.0"/>
    <property name="library.jansi.path" value="C:\Users\arieh\Downloads\apache-maven-3.8.1\bin\..\lib\jansi-native"/>
    <property name="user.home" value="C:\Users\arieh"/>
    <property name="user.timezone" value="Asia/Bangkok"/>
    <property name="file.encoding" value="Cp1252"/>
    <property name="java.specification.version" value="16"/>
    <property name="user.name" value="arieh"/>
    <property name="java.class.path" value="C:\Users\arieh\Downloads\apache-maven-3.8.1\bin\..\boot\plexus-classworlds-2.6.0.jar"/>
    <property name="java.vm.specification.version" value="16"/>
    <property name="sun.arch.data.model" value="64"/>
    <property name="sun.java.command" value="org.codehaus.plexus.classworlds.launcher.Launcher test"/>
    <property name="java.home" value="C:\Program Files\Java\jdk-16"/>
    <property name="user.language" value="en"/>
    <property name="java.specification.vendor" value="Oracle Corporation"/>
    <property name="java.vm.info" value="mixed mode, sharing"/>
    <property name="java.version" value="16"/>
    <property name="java.vendor" value="Oracle Corporation"/>
    <property name="sun.stderr.encoding" value="cp437"/>
    <property name="maven.home" value="C:\Users\arieh\Downloads\apache-maven-3.8.1\bin\.."/>
    <property name="file.separator" value="\"/>
    <property name="java.version.date" value="2021-03-16"/>
    <property name="java.vendor.url.bug" value="https://bugreport.java.com/bugreport/"/>
    <property name="sun.io.unicode.encoding" value="UnicodeLittle"/>
    <property name="sun.cpu.endian" value="little"/>
    <property name="sun.stdout.encoding" value="cp437"/>
    <property name="sun.cpu.isalist" value="amd64"/>
  </properties>
  <testcase name="submitvalid" classname="testcase.TestLogin" time="7.452"/>
  <testcase name="submitinvalid" classname="testcase.TestLogin" time="3.434"/>
  <testcase name="submitinvalidpassword" classname="testcase.TestLogin" time="3.715"/>
  <testcase name="submitemptypassword" classname="testcase.TestLogin" time="4.311"/>
  <testcase name="submitemptyusername" classname="testcase.TestLogin" time="4.285"/>
  <testcase name="emptyboth" classname="testcase.TestLogin" time="2.159"/>
  <testcase name="forgotpassword" classname="testcase.TestLogin" time="5.24"/>
  <testcase name="inputcorrect" classname="testcase.TestForgotPassword" time="3.679"/>
  <testcase name="inputincorrect" classname="testcase.TestForgotPassword" time="3.268"/>
  <testcase name="inputemptyforgot" classname="testcase.TestForgotPassword" time="3.235"/>
  <testcase name="clickcancel" classname="testcase.TestForgotPassword" time="1.237"/>
</testsuite>