<?xml version="1.0" encoding="UTF-8"?>
<!-- Generated by org.testng.reporters.JUnitReportReporter -->
<testsuite hostname="ARIE-HUTAJULU" failures="0" tests="7" name="testcase.TestLogin" time="30.592" errors="0" timestamp="2021-07-20T14:11:42 ICT" skipped="0">
  <testcase classname="testcase.TestLogin" name="submitvalid" time="7.450"/>
  <system-out/>
  <testcase classname="testcase.TestLogin" name="submitinvalid" time="3.433"/>
  <system-out/>
  <testcase classname="testcase.TestLogin" name="submitinvalidpassword" time="3.714"/>
  <system-out/>
  <testcase classname="testcase.TestLogin" name="submitemptypassword" time="4.311"/>
  <system-out/>
  <testcase classname="testcase.TestLogin" name="submitemptyusername" time="4.286"/>
  <system-out/>
  <testcase classname="testcase.TestLogin" name="emptyboth" time="2.159"/>
  <system-out/>
  <testcase classname="testcase.TestLogin" name="forgotpassword" time="5.239"/>
  <system-out/>
</testsuite> <!-- testcase.TestLogin -->
