<?xml version="1.0" encoding="UTF-8"?>
<!-- Generated by org.testng.reporters.JUnitReportReporter -->
<testsuite hostname="ARIE-HUTAJULU" failures="0" tests="4" name="testcase.TestForgotPassword" time="11.420" errors="0" timestamp="2021-07-20T14:11:42 ICT" skipped="0">
  <testcase classname="testcase.TestForgotPassword" name="inputcorrect" time="3.678"/>
  <system-out/>
  <testcase classname="testcase.TestForgotPassword" name="inputincorrect" time="3.269"/>
  <system-out/>
  <testcase classname="testcase.TestForgotPassword" name="inputemptyforgot" time="3.235"/>
  <system-out/>
  <testcase classname="testcase.TestForgotPassword" name="clickcancel" time="1.238"/>
  <system-out/>
</testsuite> <!-- testcase.TestForgotPassword -->
